<?xml version="1.0" encoding="UTF-8"?>
<testng-results skipped="0" failed="0" ignored="0" total="1" passed="1">
  <reporter-output>
  </reporter-output>
  <suite name="Default suite" duration-ms="29275" started-at="2019-01-09T11:49:59Z" finished-at="2019-01-09T11:50:28Z">
    <groups>
    </groups>
    <test name="Default test" duration-ms="29275" started-at="2019-01-09T11:49:59Z" finished-at="2019-01-09T11:50:28Z">
      <class name="com.api.qa.test.GoogleSearch">
        <test-method status="PASS" signature="test1()[pri:0, instance:com.api.qa.test.GoogleSearch@3e6fa38a]" name="test1" duration-ms="29245" started-at="2019-01-09T11:49:59Z" finished-at="2019-01-09T11:50:28Z">
          <reporter-output>
          </reporter-output>
        </test-method> <!-- test1 -->
      </class> <!-- com.api.qa.test.GoogleSearch -->
    </test> <!-- Default test -->
  </suite> <!-- Default suite -->
</testng-results>
